[08-May-2025 22:26:23 Europe/Berlin] PHP Fatal error:  Uncaught Error: mysqli_stmt::bind_param(): Argument #5 cannot be passed by reference in C:\xampp\htdocs\food_for_all\backend.php:548
Stack trace:
#0 {main}
  thrown in C:\xampp\htdocs\food_for_all\backend.php on line 548
[08-May-2025 22:26:27 Europe/Berlin] PHP Fatal error:  Uncaught Error: mysqli_stmt::bind_param(): Argument #5 cannot be passed by reference in C:\xampp\htdocs\food_for_all\backend.php:548
Stack trace:
#0 {main}
  thrown in C:\xampp\htdocs\food_for_all\backend.php on line 548
[08-May-2025 22:29:27 Europe/Berlin] PHP Fatal error:  Uncaught Error: mysqli_stmt::bind_param(): Argument #5 cannot be passed by reference in C:\xampp\htdocs\food_for_all\backend.php:548
Stack trace:
#0 {main}
  thrown in C:\xampp\htdocs\food_for_all\backend.php on line 548
[08-May-2025 23:06:55 Europe/Berlin] PHP Fatal error:  Uncaught Error: mysqli_stmt::bind_param(): Argument #5 cannot be passed by reference in C:\xampp\htdocs\food_for_all\backend.php:565
Stack trace:
#0 {main}
  thrown in C:\xampp\htdocs\food_for_all\backend.php on line 565
[08-May-2025 23:06:58 Europe/Berlin] PHP Fatal error:  Uncaught Error: mysqli_stmt::bind_param(): Argument #5 cannot be passed by reference in C:\xampp\htdocs\food_for_all\backend.php:565
Stack trace:
#0 {main}
  thrown in C:\xampp\htdocs\food_for_all\backend.php on line 565
[08-May-2025 23:15:46 Europe/Berlin] Checkout error: Unknown column 'customer_name' in 'field list'
[08-May-2025 23:18:52 Europe/Berlin] Checkout error: Unknown column 'customer_name' in 'field list'
[09-May-2025 20:18:42 Europe/Berlin] PHP Fatal error:  Uncaught Error: mysqli_stmt::bind_param(): Argument #5 cannot be passed by reference in C:\xampp\htdocs\food_for_all\backend.php:569
Stack trace:
#0 {main}
  thrown in C:\xampp\htdocs\food_for_all\backend.php on line 569
[09-May-2025 20:24:08 Europe/Berlin] PHP Fatal error:  Uncaught Error: mysqli_stmt::bind_param(): Argument #5 cannot be passed by reference in C:\xampp\htdocs\food_for_all\backend.php:565
Stack trace:
#0 {main}
  thrown in C:\xampp\htdocs\food_for_all\backend.php on line 565
[09-May-2025 20:30:37 Europe/Berlin] PHP Fatal error:  Uncaught Error: mysqli_stmt::bind_param(): Argument #5 cannot be passed by reference in C:\xampp\htdocs\food_for_all\backend.php:565
Stack trace:
#0 {main}
  thrown in C:\xampp\htdocs\food_for_all\backend.php on line 565
[09-May-2025 22:19:54 Europe/Berlin] Food submission error: Invalid file type. Only JPG, PNG and GIF are allowed.
[09-May-2025 22:21:16 Europe/Berlin] PHP Fatal error:  Uncaught ArgumentCountError: The number of elements in the type definition string must match the number of bind variables in C:\xampp\htdocs\food_for_all\backend.php:252
Stack trace:
#0 C:\xampp\htdocs\food_for_all\backend.php(252): mysqli_stmt->bind_param('isssdiss', '2', 'Moon', 'Cake', 'discount', '2025-05-14', '1500', '30', 'uploads/1746822...', 'Jatrabari')
#1 {main}
  thrown in C:\xampp\htdocs\food_for_all\backend.php on line 252
[09-May-2025 22:21:21 Europe/Berlin] PHP Fatal error:  Uncaught ArgumentCountError: The number of elements in the type definition string must match the number of bind variables in C:\xampp\htdocs\food_for_all\backend.php:252
Stack trace:
#0 C:\xampp\htdocs\food_for_all\backend.php(252): mysqli_stmt->bind_param('isssdiss', '2', 'Moon', 'Cake', 'discount', '2025-05-14', '1500', '30', 'uploads/1746822...', 'Jatrabari')
#1 {main}
  thrown in C:\xampp\htdocs\food_for_all\backend.php on line 252
[09-May-2025 22:21:51 Europe/Berlin] PHP Fatal error:  Uncaught ArgumentCountError: The number of elements in the type definition string must match the number of bind variables in C:\xampp\htdocs\food_for_all\backend.php:252
Stack trace:
#0 C:\xampp\htdocs\food_for_all\backend.php(252): mysqli_stmt->bind_param('isssdiss', '2', 'Moon', 'Cake', 'discount', '2025-12-12', '1500', '30', NULL, 'Jatrabari')
#1 {main}
  thrown in C:\xampp\htdocs\food_for_all\backend.php on line 252
[09-May-2025 22:22:36 Europe/Berlin] PHP Fatal error:  Uncaught ArgumentCountError: The number of elements in the type definition string must match the number of bind variables in C:\xampp\htdocs\food_for_all\backend.php:252
Stack trace:
#0 C:\xampp\htdocs\food_for_all\backend.php(252): mysqli_stmt->bind_param('isssdiss', '2', 'Moon', 'Cake', 'donation', '2025-12-12', 0, 0, NULL, 'Jatrabari')
#1 {main}
  thrown in C:\xampp\htdocs\food_for_all\backend.php on line 252
[09-May-2025 22:22:38 Europe/Berlin] PHP Fatal error:  Uncaught ArgumentCountError: The number of elements in the type definition string must match the number of bind variables in C:\xampp\htdocs\food_for_all\backend.php:252
Stack trace:
#0 C:\xampp\htdocs\food_for_all\backend.php(252): mysqli_stmt->bind_param('isssdiss', '2', 'Moon', 'Cake', 'donation', '2025-12-12', 0, 0, NULL, 'Jatrabari')
#1 {main}
  thrown in C:\xampp\htdocs\food_for_all\backend.php on line 252
[09-May-2025 22:27:53 Europe/Berlin] PHP Fatal error:  Uncaught ArgumentCountError: The number of elements in the type definition string must match the number of bind variables in C:\xampp\htdocs\food_for_all\backend.php:252
Stack trace:
#0 C:\xampp\htdocs\food_for_all\backend.php(252): mysqli_stmt->bind_param('isssdiss', '2', 'Moon', 'Cake', 'donation', '2025-12-05', 0, 0, NULL, 'Jatrabari')
#1 {main}
  thrown in C:\xampp\htdocs\food_for_all\backend.php on line 252
[09-May-2025 22:54:19 Europe/Berlin] Registration error: Duplicate entry '12345678' for key 'national_id'
[09-May-2025 22:54:33 Europe/Berlin] Registration error: Duplicate entry '12345678' for key 'national_id'
[09-May-2025 22:54:42 Europe/Berlin] Registration error: Duplicate entry '12345678' for key 'national_id'
[09-May-2025 22:54:46 Europe/Berlin] Registration error: Duplicate entry '12345678' for key 'national_id'
[10-May-2025 13:24:37 Europe/Berlin] PHP Fatal error:  Uncaught mysqli_sql_exception: MySQL server has gone away in C:\xampp\htdocs\food_for_all\backend.php:260
Stack trace:
#0 C:\xampp\htdocs\food_for_all\backend.php(260): mysqli_stmt->execute()
#1 {main}
  thrown in C:\xampp\htdocs\food_for_all\backend.php on line 260
[10-May-2025 13:25:00 Europe/Berlin] PHP Fatal error:  Uncaught mysqli_sql_exception: No connection could be made because the target machine actively refused it in C:\xampp\htdocs\food_for_all\backend.php:28
Stack trace:
#0 C:\xampp\htdocs\food_for_all\backend.php(28): mysqli->__construct('localhost', 'root', Object(SensitiveParameterValue), 'food_for_all')
#1 {main}
  thrown in C:\xampp\htdocs\food_for_all\backend.php on line 28
[10-May-2025 13:25:00 Europe/Berlin] PHP Fatal error:  Uncaught mysqli_sql_exception: No connection could be made because the target machine actively refused it in C:\xampp\htdocs\food_for_all\backend.php:28
Stack trace:
#0 C:\xampp\htdocs\food_for_all\backend.php(28): mysqli->__construct('localhost', 'root', Object(SensitiveParameterValue), 'food_for_all')
#1 {main}
  thrown in C:\xampp\htdocs\food_for_all\backend.php on line 28
[10-May-2025 13:25:04 Europe/Berlin] PHP Fatal error:  Uncaught mysqli_sql_exception: No connection could be made because the target machine actively refused it in C:\xampp\htdocs\food_for_all\backend.php:28
Stack trace:
#0 C:\xampp\htdocs\food_for_all\backend.php(28): mysqli->__construct('localhost', 'root', Object(SensitiveParameterValue), 'food_for_all')
#1 {main}
  thrown in C:\xampp\htdocs\food_for_all\backend.php on line 28
[10-May-2025 13:25:04 Europe/Berlin] PHP Fatal error:  Uncaught mysqli_sql_exception: No connection could be made because the target machine actively refused it in C:\xampp\htdocs\food_for_all\backend.php:28
Stack trace:
#0 C:\xampp\htdocs\food_for_all\backend.php(28): mysqli->__construct('localhost', 'root', Object(SensitiveParameterValue), 'food_for_all')
#1 {main}
  thrown in C:\xampp\htdocs\food_for_all\backend.php on line 28
[10-May-2025 13:25:07 Europe/Berlin] PHP Fatal error:  Uncaught mysqli_sql_exception: No connection could be made because the target machine actively refused it in C:\xampp\htdocs\food_for_all\backend.php:28
Stack trace:
#0 C:\xampp\htdocs\food_for_all\backend.php(28): mysqli->__construct('localhost', 'root', Object(SensitiveParameterValue), 'food_for_all')
#1 {main}
  thrown in C:\xampp\htdocs\food_for_all\backend.php on line 28
[10-May-2025 13:25:11 Europe/Berlin] PHP Fatal error:  Uncaught mysqli_sql_exception: No connection could be made because the target machine actively refused it in C:\xampp\htdocs\food_for_all\backend.php:28
Stack trace:
#0 C:\xampp\htdocs\food_for_all\backend.php(28): mysqli->__construct('localhost', 'root', Object(SensitiveParameterValue), 'food_for_all')
#1 {main}
  thrown in C:\xampp\htdocs\food_for_all\backend.php on line 28
[10-May-2025 13:25:29 Europe/Berlin] PHP Fatal error:  Uncaught mysqli_sql_exception: No connection could be made because the target machine actively refused it in C:\xampp\htdocs\food_for_all\backend.php:28
Stack trace:
#0 C:\xampp\htdocs\food_for_all\backend.php(28): mysqli->__construct('localhost', 'root', Object(SensitiveParameterValue), 'food_for_all')
#1 {main}
  thrown in C:\xampp\htdocs\food_for_all\backend.php on line 28
[10-May-2025 13:25:33 Europe/Berlin] PHP Fatal error:  Uncaught mysqli_sql_exception: No connection could be made because the target machine actively refused it in C:\xampp\htdocs\food_for_all\backend.php:28
Stack trace:
#0 C:\xampp\htdocs\food_for_all\backend.php(28): mysqli->__construct('localhost', 'root', Object(SensitiveParameterValue), 'food_for_all')
#1 {main}
  thrown in C:\xampp\htdocs\food_for_all\backend.php on line 28
[10-May-2025 13:25:34 Europe/Berlin] PHP Fatal error:  Uncaught mysqli_sql_exception: No connection could be made because the target machine actively refused it in C:\xampp\htdocs\food_for_all\backend.php:28
Stack trace:
#0 C:\xampp\htdocs\food_for_all\backend.php(28): mysqli->__construct('localhost', 'root', Object(SensitiveParameterValue), 'food_for_all')
#1 {main}
  thrown in C:\xampp\htdocs\food_for_all\backend.php on line 28
[10-May-2025 13:25:38 Europe/Berlin] PHP Fatal error:  Uncaught mysqli_sql_exception: No connection could be made because the target machine actively refused it in C:\xampp\htdocs\food_for_all\backend.php:28
Stack trace:
#0 C:\xampp\htdocs\food_for_all\backend.php(28): mysqli->__construct('localhost', 'root', Object(SensitiveParameterValue), 'food_for_all')
#1 {main}
  thrown in C:\xampp\htdocs\food_for_all\backend.php on line 28
[10-May-2025 13:26:15 Europe/Berlin] PHP Fatal error:  Uncaught mysqli_sql_exception: No connection could be made because the target machine actively refused it in C:\xampp\htdocs\food_for_all\backend.php:28
Stack trace:
#0 C:\xampp\htdocs\food_for_all\backend.php(28): mysqli->__construct('localhost', 'root', Object(SensitiveParameterValue), 'food_for_all')
#1 {main}
  thrown in C:\xampp\htdocs\food_for_all\backend.php on line 28
[10-May-2025 13:26:17 Europe/Berlin] PHP Fatal error:  Uncaught mysqli_sql_exception: No connection could be made because the target machine actively refused it in C:\xampp\htdocs\food_for_all\backend.php:28
Stack trace:
#0 C:\xampp\htdocs\food_for_all\backend.php(28): mysqli->__construct('localhost', 'root', Object(SensitiveParameterValue), 'food_for_all')
#1 {main}
  thrown in C:\xampp\htdocs\food_for_all\backend.php on line 28
[10-May-2025 13:26:26 Europe/Berlin] PHP Fatal error:  Uncaught mysqli_sql_exception: No connection could be made because the target machine actively refused it in C:\xampp\htdocs\food_for_all\backend.php:28
Stack trace:
#0 C:\xampp\htdocs\food_for_all\backend.php(28): mysqli->__construct('localhost', 'root', Object(SensitiveParameterValue), 'food_for_all')
#1 {main}
  thrown in C:\xampp\htdocs\food_for_all\backend.php on line 28
[10-May-2025 13:26:28 Europe/Berlin] PHP Fatal error:  Uncaught mysqli_sql_exception: No connection could be made because the target machine actively refused it in C:\xampp\htdocs\food_for_all\backend.php:28
Stack trace:
#0 C:\xampp\htdocs\food_for_all\backend.php(28): mysqli->__construct('localhost', 'root', Object(SensitiveParameterValue), 'food_for_all')
#1 {main}
  thrown in C:\xampp\htdocs\food_for_all\backend.php on line 28
[10-May-2025 13:27:14 Europe/Berlin] PHP Fatal error:  Uncaught mysqli_sql_exception: No connection could be made because the target machine actively refused it in C:\xampp\htdocs\food_for_all\backend.php:28
Stack trace:
#0 C:\xampp\htdocs\food_for_all\backend.php(28): mysqli->__construct('localhost', 'root', Object(SensitiveParameterValue), 'food_for_all')
#1 {main}
  thrown in C:\xampp\htdocs\food_for_all\backend.php on line 28
[10-May-2025 13:27:16 Europe/Berlin] PHP Fatal error:  Uncaught mysqli_sql_exception: No connection could be made because the target machine actively refused it in C:\xampp\htdocs\food_for_all\backend.php:28
Stack trace:
#0 C:\xampp\htdocs\food_for_all\backend.php(28): mysqli->__construct('localhost', 'root', Object(SensitiveParameterValue), 'food_for_all')
#1 {main}
  thrown in C:\xampp\htdocs\food_for_all\backend.php on line 28
[10-May-2025 13:27:24 Europe/Berlin] PHP Fatal error:  Uncaught mysqli_sql_exception: No connection could be made because the target machine actively refused it in C:\xampp\htdocs\food_for_all\backend.php:28
Stack trace:
#0 C:\xampp\htdocs\food_for_all\backend.php(28): mysqli->__construct('localhost', 'root', Object(SensitiveParameterValue), 'food_for_all')
#1 {main}
  thrown in C:\xampp\htdocs\food_for_all\backend.php on line 28
[10-May-2025 13:27:49 Europe/Berlin] PHP Fatal error:  Uncaught mysqli_sql_exception: No connection could be made because the target machine actively refused it in C:\xampp\htdocs\food_for_all\backend.php:28
Stack trace:
#0 C:\xampp\htdocs\food_for_all\backend.php(28): mysqli->__construct('localhost', 'root', Object(SensitiveParameterValue), 'food_for_all')
#1 {main}
  thrown in C:\xampp\htdocs\food_for_all\backend.php on line 28
[10-May-2025 13:28:59 Europe/Berlin] PHP Fatal error:  Uncaught mysqli_sql_exception: No connection could be made because the target machine actively refused it in C:\xampp\htdocs\food_for_all\backend.php:28
Stack trace:
#0 C:\xampp\htdocs\food_for_all\backend.php(28): mysqli->__construct('localhost', 'root', Object(SensitiveParameterValue), 'food_for_all')
#1 {main}
  thrown in C:\xampp\htdocs\food_for_all\backend.php on line 28
[10-May-2025 13:29:03 Europe/Berlin] PHP Fatal error:  Uncaught mysqli_sql_exception: No connection could be made because the target machine actively refused it in C:\xampp\htdocs\food_for_all\backend.php:28
Stack trace:
#0 C:\xampp\htdocs\food_for_all\backend.php(28): mysqli->__construct('localhost', 'root', Object(SensitiveParameterValue), 'food_for_all')
#1 {main}
  thrown in C:\xampp\htdocs\food_for_all\backend.php on line 28
[10-May-2025 13:29:04 Europe/Berlin] PHP Fatal error:  Uncaught mysqli_sql_exception: No connection could be made because the target machine actively refused it in C:\xampp\htdocs\food_for_all\backend.php:28
Stack trace:
#0 C:\xampp\htdocs\food_for_all\backend.php(28): mysqli->__construct('localhost', 'root', Object(SensitiveParameterValue), 'food_for_all')
#1 {main}
  thrown in C:\xampp\htdocs\food_for_all\backend.php on line 28
[10-May-2025 13:29:08 Europe/Berlin] PHP Fatal error:  Uncaught mysqli_sql_exception: No connection could be made because the target machine actively refused it in C:\xampp\htdocs\food_for_all\backend.php:28
Stack trace:
#0 C:\xampp\htdocs\food_for_all\backend.php(28): mysqli->__construct('localhost', 'root', Object(SensitiveParameterValue), 'food_for_all')
#1 {main}
  thrown in C:\xampp\htdocs\food_for_all\backend.php on line 28
[10-May-2025 13:29:40 Europe/Berlin] PHP Fatal error:  Uncaught mysqli_sql_exception: No connection could be made because the target machine actively refused it in C:\xampp\htdocs\food_for_all\backend.php:28
Stack trace:
#0 C:\xampp\htdocs\food_for_all\backend.php(28): mysqli->__construct('localhost', 'root', Object(SensitiveParameterValue), 'food_for_all')
#1 {main}
  thrown in C:\xampp\htdocs\food_for_all\backend.php on line 28
[10-May-2025 13:29:43 Europe/Berlin] PHP Fatal error:  Uncaught mysqli_sql_exception: No connection could be made because the target machine actively refused it in C:\xampp\htdocs\food_for_all\backend.php:28
Stack trace:
#0 C:\xampp\htdocs\food_for_all\backend.php(28): mysqli->__construct('localhost', 'root', Object(SensitiveParameterValue), 'food_for_all')
#1 {main}
  thrown in C:\xampp\htdocs\food_for_all\backend.php on line 28
[10-May-2025 13:29:44 Europe/Berlin] PHP Fatal error:  Uncaught mysqli_sql_exception: No connection could be made because the target machine actively refused it in C:\xampp\htdocs\food_for_all\backend.php:28
Stack trace:
#0 C:\xampp\htdocs\food_for_all\backend.php(28): mysqli->__construct('localhost', 'root', Object(SensitiveParameterValue), 'food_for_all')
#1 {main}
  thrown in C:\xampp\htdocs\food_for_all\backend.php on line 28
[10-May-2025 13:29:47 Europe/Berlin] PHP Fatal error:  Uncaught mysqli_sql_exception: No connection could be made because the target machine actively refused it in C:\xampp\htdocs\food_for_all\backend.php:28
Stack trace:
#0 C:\xampp\htdocs\food_for_all\backend.php(28): mysqli->__construct('localhost', 'root', Object(SensitiveParameterValue), 'food_for_all')
#1 {main}
  thrown in C:\xampp\htdocs\food_for_all\backend.php on line 28
[10-May-2025 13:30:34 Europe/Berlin] PHP Fatal error:  Uncaught mysqli_sql_exception: No connection could be made because the target machine actively refused it in C:\xampp\htdocs\food_for_all\backend.php:28
Stack trace:
#0 C:\xampp\htdocs\food_for_all\backend.php(28): mysqli->__construct('localhost', 'root', Object(SensitiveParameterValue), 'food_for_all')
#1 {main}
  thrown in C:\xampp\htdocs\food_for_all\backend.php on line 28
[10-May-2025 13:30:38 Europe/Berlin] PHP Fatal error:  Uncaught mysqli_sql_exception: No connection could be made because the target machine actively refused it in C:\xampp\htdocs\food_for_all\backend.php:28
Stack trace:
#0 C:\xampp\htdocs\food_for_all\backend.php(28): mysqli->__construct('localhost', 'root', Object(SensitiveParameterValue), 'food_for_all')
#1 {main}
  thrown in C:\xampp\htdocs\food_for_all\backend.php on line 28
[10-May-2025 13:30:41 Europe/Berlin] PHP Fatal error:  Uncaught mysqli_sql_exception: No connection could be made because the target machine actively refused it in C:\xampp\htdocs\food_for_all\backend.php:28
Stack trace:
#0 C:\xampp\htdocs\food_for_all\backend.php(28): mysqli->__construct('localhost', 'root', Object(SensitiveParameterValue), 'food_for_all')
#1 {main}
  thrown in C:\xampp\htdocs\food_for_all\backend.php on line 28
[10-May-2025 13:30:43 Europe/Berlin] PHP Fatal error:  Uncaught mysqli_sql_exception: No connection could be made because the target machine actively refused it in C:\xampp\htdocs\food_for_all\backend.php:28
Stack trace:
#0 C:\xampp\htdocs\food_for_all\backend.php(28): mysqli->__construct('localhost', 'root', Object(SensitiveParameterValue), 'food_for_all')
#1 {main}
  thrown in C:\xampp\htdocs\food_for_all\backend.php on line 28
[10-May-2025 13:30:43 Europe/Berlin] PHP Fatal error:  Uncaught mysqli_sql_exception: No connection could be made because the target machine actively refused it in C:\xampp\htdocs\food_for_all\backend.php:28
Stack trace:
#0 C:\xampp\htdocs\food_for_all\backend.php(28): mysqli->__construct('localhost', 'root', Object(SensitiveParameterValue), 'food_for_all')
#1 {main}
  thrown in C:\xampp\htdocs\food_for_all\backend.php on line 28
[10-May-2025 13:30:45 Europe/Berlin] PHP Fatal error:  Uncaught mysqli_sql_exception: No connection could be made because the target machine actively refused it in C:\xampp\htdocs\food_for_all\backend.php:28
Stack trace:
#0 C:\xampp\htdocs\food_for_all\backend.php(28): mysqli->__construct('localhost', 'root', Object(SensitiveParameterValue), 'food_for_all')
#1 {main}
  thrown in C:\xampp\htdocs\food_for_all\backend.php on line 28
[10-May-2025 13:30:49 Europe/Berlin] PHP Fatal error:  Uncaught mysqli_sql_exception: No connection could be made because the target machine actively refused it in C:\xampp\htdocs\food_for_all\backend.php:28
Stack trace:
#0 C:\xampp\htdocs\food_for_all\backend.php(28): mysqli->__construct('localhost', 'root', Object(SensitiveParameterValue), 'food_for_all')
#1 {main}
  thrown in C:\xampp\htdocs\food_for_all\backend.php on line 28
[10-May-2025 13:30:53 Europe/Berlin] PHP Fatal error:  Uncaught mysqli_sql_exception: No connection could be made because the target machine actively refused it in C:\xampp\htdocs\food_for_all\backend.php:28
Stack trace:
#0 C:\xampp\htdocs\food_for_all\backend.php(28): mysqli->__construct('localhost', 'root', Object(SensitiveParameterValue), 'food_for_all')
#1 {main}
  thrown in C:\xampp\htdocs\food_for_all\backend.php on line 28
[10-May-2025 13:32:13 Europe/Berlin] PHP Fatal error:  Uncaught mysqli_sql_exception: No connection could be made because the target machine actively refused it in C:\xampp\htdocs\food_for_all\backend.php:28
Stack trace:
#0 C:\xampp\htdocs\food_for_all\backend.php(28): mysqli->__construct('localhost', 'root', Object(SensitiveParameterValue), 'food_for_all')
#1 {main}
  thrown in C:\xampp\htdocs\food_for_all\backend.php on line 28
[10-May-2025 13:32:17 Europe/Berlin] PHP Fatal error:  Uncaught mysqli_sql_exception: No connection could be made because the target machine actively refused it in C:\xampp\htdocs\food_for_all\backend.php:28
Stack trace:
#0 C:\xampp\htdocs\food_for_all\backend.php(28): mysqli->__construct('localhost', 'root', Object(SensitiveParameterValue), 'food_for_all')
#1 {main}
  thrown in C:\xampp\htdocs\food_for_all\backend.php on line 28
[10-May-2025 13:41:34 Europe/Berlin] Login error: MySQL server has gone away
[10-May-2025 13:41:34 Europe/Berlin] Get discounts error: MySQL server has gone away
[10-May-2025 13:41:34 Europe/Berlin] Get profile error: MySQL server has gone away
[10-May-2025 13:41:34 Europe/Berlin] Get discounts error: MySQL server has gone away
[10-May-2025 13:41:34 Europe/Berlin] Get discounts error: MySQL server has gone away
[10-May-2025 13:41:34 Europe/Berlin] Get donations error: MySQL server has gone away
[10-May-2025 13:41:34 Europe/Berlin] Get all reviews error: MySQL server has gone away
[10-May-2025 13:41:34 Europe/Berlin] Get all reviews error: MySQL server has gone away
[10-May-2025 13:41:34 Europe/Berlin] Get donations error: MySQL server has gone away
[10-May-2025 13:41:34 Europe/Berlin] Get all reviews error: MySQL server has gone away
[10-May-2025 13:41:34 Europe/Berlin] Login error: MySQL server has gone away
[10-May-2025 13:41:34 Europe/Berlin] Get all reviews error: MySQL server has gone away
[10-May-2025 13:41:34 Europe/Berlin] Get donations error: MySQL server has gone away
[10-May-2025 13:41:34 Europe/Berlin] Login error: MySQL server has gone away
[10-May-2025 18:45:03 Europe/Berlin] Registration error: Duplicate entry '123456789' for key 'national_id'
[10-May-2025 18:45:23 Europe/Berlin] Registration error: Duplicate entry '123456789' for key 'national_id'
[10-May-2025 18:45:40 Europe/Berlin] Registration error: Duplicate entry '123456789' for key 'national_id'
[10-May-2025 18:45:45 Europe/Berlin] Registration error: Duplicate entry '123456789' for key 'national_id'
[10-May-2025 18:45:46 Europe/Berlin] Registration error: Duplicate entry '123456789' for key 'national_id'
[10-May-2025 18:45:51 Europe/Berlin] Registration error: Duplicate entry '123456789' for key 'national_id'
[10-May-2025 18:46:25 Europe/Berlin] Registration error: Duplicate entry '123456789' for key 'national_id'
